2026-01-16 16:48:09,064 - INFO - ==================================================
2026-01-16 16:48:09,066 - INFO - [SENDER] Начало выполнения рассылки
2026-01-16 16:48:09,067 - INFO - [SENDER] Campaign ID: 1fb6ddca-ce10-4c2b-bbef-c1568460668f
2026-01-16 16:48:09,067 - INFO - [SENDER] Campaign title: 8
2026-01-16 16:48:09,067 - INFO - [SENDER] Account IDs: ['04657991-1dda-41bd-be9d-7b12edb3c295']
2026-01-16 16:48:09,068 - INFO - [SENDER] Chats file: chats.txt
2026-01-16 16:48:09,068 - INFO - [SENDER] Message text: False
2026-01-16 16:48:09,070 - INFO - [SENDER] Source link: https://t.me/chanel10fp/3
2026-01-16 16:48:09,070 - INFO - [SENDER] Use forward: True
2026-01-16 16:48:09,071 - INFO - [SENDER] Account: user (user.session)
2026-01-16 16:48:09,071 - INFO - ==================================================
2026-01-16 16:48:09,072 - INFO - Конфигурация загружена из Campaign/Account
2026-01-16 16:48:09,072 - INFO - [SENDER] Загрузка чатов из файла: chats.txt
2026-01-16 16:48:09,074 - INFO - [SENDER] Загружен чат: https://t.me/trafikstt
2026-01-16 16:48:09,074 - INFO - [SENDER] Загружен чат: https://t.me/logovo_traferov
2026-01-16 16:48:09,074 - INFO - [SENDER] Загружен чат: https://t.me/trafficlink
2026-01-16 16:48:09,075 - INFO - [SENDER] Загружен чат: https://t.me/KuplyTrafik
2026-01-16 16:48:09,075 - INFO - [SENDER] Загружен чат: https://t.me/buytraf
2026-01-16 16:48:09,076 - INFO - [SENDER] Всего загружено 5 чатов
2026-01-16 16:48:10,845 - INFO - Подключен как: Arix (@byarix)
2026-01-16 16:48:10,845 - INFO - [TIME] Режим ограничен по времени: 2 минут, до 2026-01-16 16:50:10.845685
2026-01-16 16:48:10,846 - INFO - [START] Начинаем рассылку в 5 чатов
2026-01-16 16:48:10,847 - INFO - [ITERATION 1] Начинаем новый цикл по чатам
2026-01-16 16:48:10,847 - INFO - [1/5] Обрабатываем: https://t.me/trafikstt
2026-01-16 16:48:16,333 - INFO - [OK] Отправлено в ПЕРЕЛИВЩИКИ | ТРАФИК
2026-01-16 16:48:16,333 - INFO - [DELAY] Ждём 3.2 секунд...
2026-01-16 16:48:19,566 - INFO - [2/5] Обрабатываем: https://t.me/logovo_traferov
2026-01-16 16:48:22,871 - ERROR - [ERROR] Ошибка отправки в Логово Траферов | Покупка/Продажа трафика: RPCError 403: CHAT_SEND_WEBPAGE_FORBIDDEN (caused by ForwardMessagesRequest)
2026-01-16 16:48:22,871 - INFO - [DELAY] Ждём 3.4 секунд...
2026-01-16 16:48:26,250 - INFO - [3/5] Обрабатываем: https://t.me/trafficlink
2026-01-16 16:48:31,720 - INFO - [OK] Отправлено в БИРЖА ТРАФИКА | WHY 2
2026-01-16 16:48:31,721 - INFO - [DELAY] Ждём 3.9 секунд...
2026-01-16 16:48:35,662 - INFO - [4/5] Обрабатываем: https://t.me/KuplyTrafik
2026-01-16 16:48:41,265 - INFO - [OK] Отправлено в Куплю/Продам трафик Tik Tok Reels Shorts
2026-01-16 16:48:41,265 - INFO - [DELAY] Ждём 4.8 секунд...
2026-01-16 16:48:46,110 - INFO - [5/5] Обрабатываем: https://t.me/buytraf
2026-01-16 16:48:51,032 - INFO - [OK] Отправлено в Куплю/Продам трафик Tik Tok Reels Shorts
2026-01-16 16:48:51,034 - INFO - [DELAY] Ждём 4.5 секунд...
2026-01-16 16:48:55,496 - INFO - [FINISH] Рассылка завершена!
2026-01-16 16:48:55,497 - INFO - [STATS] Отправлено: 4
2026-01-16 16:48:55,498 - INFO - [STATS] Ошибок: 1
2026-01-16 16:48:55,498 - INFO - [STATS] Пропущено: 0
2026-01-16 16:48:55,499 - INFO - [STATS] Вступили в чаты: 0
2026-01-16 16:48:55,549 - INFO - Отключен от Telegram
