2026-01-19 16:28:51,764 - INFO - ==================================================
2026-01-19 16:28:51,766 - INFO - [SENDER] Начало выполнения рассылки
2026-01-19 16:28:51,769 - INFO - [SENDER] Campaign ID: 0a9770fa-729e-4b79-9bb0-fb7bcc2affa0
2026-01-19 16:28:51,770 - INFO - [SENDER] Campaign title: wdadsa
2026-01-19 16:28:51,771 - INFO - [SENDER] Account IDs: ['04657991-1dda-41bd-be9d-7b12edb3c295']
2026-01-19 16:28:51,771 - INFO - [SENDER] Chats file: chats.txt
2026-01-19 16:28:51,772 - INFO - [SENDER] Message text: True
2026-01-19 16:28:51,773 - INFO - [SENDER] Source link: None
2026-01-19 16:28:51,774 - INFO - [SENDER] Use forward: False
2026-01-19 16:28:51,775 - INFO - [SENDER] Account: user (user.session)
2026-01-19 16:28:51,777 - INFO - ==================================================
2026-01-19 16:28:51,777 - INFO - Конфигурация загружена из Campaign/Account
2026-01-19 16:28:51,778 - INFO - [SENDER] Загрузка чатов из файла: chats.txt
2026-01-19 16:28:51,787 - INFO - [SENDER] Загружен чат: https://t.me/trafikstt
2026-01-19 16:28:51,788 - INFO - [SENDER] Всего загружено 1 чатов
2026-01-19 16:28:53,753 - INFO - Подключен как: Arix (@byarix)
2026-01-19 16:28:53,753 - INFO - [TIME] Режим ограничен по времени: 1 минут, до 2026-01-19 16:29:53.753020
2026-01-19 16:28:53,754 - INFO - [START] Начинаем рассылку в 1 чатов
2026-01-19 16:28:53,755 - INFO - [ITERATION 1] Начинаем новый цикл по чатам
2026-01-19 16:28:53,755 - INFO - [1/1] Обрабатываем: https://t.me/trafikstt
2026-01-19 16:28:57,437 - INFO - [OK] Отправлено в ПЕРЕЛИВЩИКИ | ТРАФИК
2026-01-19 16:28:57,438 - INFO - [DELAY] Ждём 1.0 секунд...
2026-01-19 16:28:58,440 - INFO - [FINISH] Рассылка завершена!
2026-01-19 16:28:58,442 - INFO - [STATS] Отправлено: 1
2026-01-19 16:28:58,442 - INFO - [STATS] Ошибок: 0
2026-01-19 16:28:58,443 - INFO - [STATS] Пропущено: 0
2026-01-19 16:28:58,443 - INFO - [STATS] Вступили в чаты: 0
2026-01-19 16:28:58,475 - INFO - Отключен от Telegram
